<?xml version="1.0" encoding="UTF-8"?>
<!-- Generated by org.testng.reporters.JUnitReportReporter -->
<testsuite skipped="0" hostname="DESKTOP-FS4A415" name="com.gojek.testcases.ComparatorTest" tests="1" failures="0" timestamp="2020-06-22T07:44:13 IST" time="645.142" errors="0">
  <testcase name="objectandNumericTest" time="645.142" classname="com.gojek.testcases.ComparatorTest"/>
</testsuite> <!-- com.gojek.testcases.ComparatorTest -->
