<?xml version="1.0" encoding="UTF-8"?>
<!-- Generated by org.testng.reporters.JUnitReportReporter -->
<testsuite skipped="0" hostname="C02Z1C90LVCF" name="com.gojek.testcases.ComparatorTest" tests="6" failures="0" timestamp="2020-05-10T16:09:45 IST" time="7.985" errors="0">
  <testcase name="establishmentsTest" time="1.923" classname="com.gojek.testcases.ComparatorTest"/>
  <testcase name="geocodeTest" time="1.252" classname="com.gojek.testcases.ComparatorTest"/>
  <testcase name="citiesTest" time="0.960" classname="com.gojek.testcases.ComparatorTest"/>
  <testcase name="cuisinesTest" time="0.995" classname="com.gojek.testcases.ComparatorTest"/>
  <testcase name="categoriesTest" time="2.317" classname="com.gojek.testcases.ComparatorTest"/>
  <testcase name="collectionTest" time="0.538" classname="com.gojek.testcases.ComparatorTest"/>
</testsuite> <!-- com.zeta.testcases.Common -->
