<?xml version="1.0" encoding="UTF-8"?>
<!-- Generated by org.testng.reporters.JUnitReportReporter -->
<testsuite skipped="0" hostname="C02Z1C90LVCF" name="com.gojek.testcases.Restaurant" tests="6" failures="0" timestamp="2020-05-10T16:09:45 IST" time="6.558" errors="0">
  <testcase name="searchTest5" time="0.644" classname="com.gojek.testcases.Restaurant"/>
  <testcase name="searchTest4" time="1.136" classname="com.gojek.testcases.Restaurant"/>
  <testcase name="searchTest3" time="0.994" classname="com.gojek.testcases.Restaurant"/>
  <testcase name="searchTest6" time="0.963" classname="com.gojek.testcases.Restaurant"/>
  <testcase name="searchTest2" time="1.061" classname="com.gojek.testcases.Restaurant"/>
  <testcase name="searchTest1" time="1.760" classname="com.gojek.testcases.Restaurant"/>
</testsuite> <!-- com.zeta.testcases.Restaurant -->
