<?xml version="1.0" encoding="UTF-8"?>
<!-- Generated by org.testng.reporters.JUnitReportReporter -->
<testsuite skipped="0" hostname="C02Z1C90LVCF" name="com.gojek.testcases.Location" tests="1" failures="0" timestamp="2020-05-10T16:09:45 IST" time="1.514" errors="0">
  <testcase name="locationTest" time="1.514" classname="com.gojek.testcases.Location"/>
</testsuite> <!-- com.zeta.testcases.Location -->
