<?xml version="1.0" encoding="UTF-8"?>
<!-- Generated by org.testng.reporters.JUnitReportReporter -->
<testsuite skipped="0" hostname="DESKTOP-FS4A415" name="com.gojek.testcases.ComparatorTest" tests="1" failures="0" timestamp="2020-06-21T22:20:27 IST" time="69.009" errors="0">
  <testcase name="categoriesTest" time="69.009" classname="com.gojek.testcases.ComparatorTest"/>
</testsuite> <!-- com.gojek.testcases.ComparatorTest -->
